<?xml version="1.0" encoding="UTF-8"?>
<!-- Generated by org.testng.reporters.JUnitReportReporter -->
<testsuite hostname="Arjun-PC" failures="0" tests="2" name="testCase.TC_Login1" time="27.473" errors="0" timestamp="20 Jul 2019 05:39:16 GMT" skipped="0">
  <testcase classname="testCase.TC_Login1" name="tc_01_login_test" time="15.058"/>
  <testcase classname="testCase.TC_Login1" name="tc_01_login_test" time="12.415"/>
</testsuite> <!-- testCase.TC_Login1 -->
